# JRE version: Java(TM) SE Runtime Environment (24.0.2+12) (build 24.0.2+12-54)
# Java VM: Java HotSpot(TM) 64-Bit Server VM (24.0.2+12-54, mixed mode, sharing, tiered, compressed oops, compressed class ptrs, g1 gc, windows-amd64)
GC Precious Log:
 CardTable entry size: 512
 Card Set container configuration: InlinePtr #cards 4 size 8 Array Of Cards #cards 16 size 48 Howl #buckets 8 coarsen threshold 3686 Howl Bitmap #cards 512 size 80 coarsen threshold 460 Card regions per heap region 1 cards per card region 4096
 CPUs: 8 total, 8 available
 Memory: 12026M
 Large Page Support: Disabled
 NUMA Support: Disabled
 Compressed Oops: Enabled (Zero based)
 Heap Region Size: 2M
 Heap Min Capacity: 8M
 Heap Initial Capacity: 188M
 Heap Max Capacity: 3008M
 Pre-touch: Disabled
 Parallel Workers: 8
 Concurrent Workers: 2
 Concurrent Refinement Workers: 8
 Periodic GC: Disabled
Heap:
 garbage-first heap   total reserved 3080192K, committed 133120K, used 64610K [0x0000000744000000, 0x0000000800000000)
  region size 2048K, 6 young (12288K), 3 survivors (6144K)
 Metaspace       used 90080K, committed 90880K, reserved 1179648K
  class space    used 9947K, committed 10304K, reserved 1048576K
GC Heap History (20 events):
Event: 801.841 GC heap before
{Heap before GC invocations=58 (full 5):
 garbage-first heap   total reserved 3080192K, committed 110592K, used 95627K [0x0000000744000000, 0x0000000800000000)
  region size 2048K, 23 young (47104K), 0 survivors (0K)
 Metaspace       used 89051K, committed 89856K, reserved 1179648K
  class space    used 9893K, committed 10240K, reserved 1048576K
}
Event: 801.846 GC heap after
{Heap after GC invocations=59 (full 5):
 garbage-first heap   total reserved 3080192K, committed 110592K, used 52849K [0x0000000744000000, 0x0000000800000000)
  region size 2048K, 3 young (6144K), 3 survivors (6144K)
 Metaspace       used 89051K, committed 89856K, reserved 1179648K
  class space    used 9893K, committed 10240K, reserved 1048576K
}
Event: 802.351 GC heap before
{Heap before GC invocations=60 (full 5):
 garbage-first heap   total reserved 3080192K, committed 110592K, used 89713K [0x0000000744000000, 0x0000000800000000)
  region size 2048K, 21 young (43008K), 3 survivors (6144K)
 Metaspace       used 89277K, committed 90048K, reserved 1179648K
  class space    used 9903K, committed 10240K, reserved 1048576K
}
Event: 802.356 GC heap after
{Heap after GC invocations=61 (full 5):
 garbage-first heap   total reserved 3080192K, committed 110592K, used 54600K [0x0000000744000000, 0x0000000800000000)
  region size 2048K, 2 young (4096K), 2 survivors (4096K)
 Metaspace       used 89277K, committed 90048K, reserved 1179648K
  class space    used 9903K, committed 10240K, reserved 1048576K
}
Event: 802.921 GC heap before
{Heap before GC invocations=61 (full 5):
 garbage-first heap   total reserved 3080192K, committed 110592K, used 91464K [0x0000000744000000, 0x0000000800000000)
  region size 2048K, 20 young (40960K), 2 survivors (4096K)
 Metaspace       used 89401K, committed 90176K, reserved 1179648K
  class space    used 9911K, committed 10240K, reserved 1048576K
}
Event: 802.926 GC heap after
{Heap after GC invocations=62 (full 5):
 garbage-first heap   total reserved 3080192K, committed 110592K, used 56704K [0x0000000744000000, 0x0000000800000000)
  region size 2048K, 2 young (4096K), 2 survivors (4096K)
 Metaspace       used 89401K, committed 90176K, reserved 1179648K
  class space    used 9911K, committed 10240K, reserved 1048576K
}
Event: 812.055 GC heap before
{Heap before GC invocations=62 (full 5):
 garbage-first heap   total reserved 3080192K, committed 110592K, used 91520K [0x0000000744000000, 0x0000000800000000)
  region size 2048K, 20 young (40960K), 2 survivors (4096K)
 Metaspace       used 89430K, committed 90176K, reserved 1179648K
  class space    used 9912K, committed 10240K, reserved 1048576K
}
Event: 812.142 GC heap after
{Heap after GC invocations=63 (full 6):
 garbage-first heap   total reserved 3080192K, committed 110592K, used 51959K [0x0000000744000000, 0x0000000800000000)
  region size 2048K, 0 young (0K), 0 survivors (0K)
 Metaspace       used 89430K, committed 90176K, reserved 1179648K
  class space    used 9912K, committed 10240K, reserved 1048576K
}
Event: 812.851 GC heap before
{Heap before GC invocations=63 (full 6):
 garbage-first heap   total reserved 3080192K, committed 110592K, used 97015K [0x0000000744000000, 0x0000000800000000)
  region size 2048K, 22 young (45056K), 0 survivors (0K)
 Metaspace       used 89546K, committed 90368K, reserved 1179648K
  class space    used 9920K, committed 10240K, reserved 1048576K
}
Event: 812.856 GC heap after
{Heap after GC invocations=64 (full 6):
 garbage-first heap   total reserved 3080192K, committed 110592K, used 56163K [0x0000000744000000, 0x0000000800000000)
  region size 2048K, 3 young (6144K), 3 survivors (6144K)
 Metaspace       used 89546K, committed 90368K, reserved 1179648K
  class space    used 9920K, committed 10240K, reserved 1048576K
}
Event: 813.344 GC heap before
{Heap before GC invocations=65 (full 6):
 garbage-first heap   total reserved 3080192K, committed 110592K, used 88931K [0x0000000744000000, 0x0000000800000000)
  region size 2048K, 19 young (38912K), 3 survivors (6144K)
 Metaspace       used 89711K, committed 90432K, reserved 1179648K
  class space    used 9927K, committed 10240K, reserved 1048576K
}
Event: 813.349 GC heap after
{Heap after GC invocations=66 (full 6):
 garbage-first heap   total reserved 3080192K, committed 110592K, used 57752K [0x0000000744000000, 0x0000000800000000)
  region size 2048K, 1 young (2048K), 1 survivors (2048K)
 Metaspace       used 89711K, committed 90432K, reserved 1179648K
  class space    used 9927K, committed 10240K, reserved 1048576K
}
Event: 813.766 GC heap before
{Heap before GC invocations=66 (full 6):
 garbage-first heap   total reserved 3080192K, committed 110592K, used 94616K [0x0000000744000000, 0x0000000800000000)
  region size 2048K, 19 young (38912K), 1 survivors (2048K)
 Metaspace       used 89873K, committed 90624K, reserved 1179648K
  class space    used 9935K, committed 10240K, reserved 1048576K
}
Event: 813.773 GC heap after
{Heap after GC invocations=67 (full 6):
 garbage-first heap   total reserved 3080192K, committed 110592K, used 59943K [0x0000000744000000, 0x0000000800000000)
  region size 2048K, 2 young (4096K), 2 survivors (4096K)
 Metaspace       used 89873K, committed 90624K, reserved 1179648K
  class space    used 9935K, committed 10240K, reserved 1048576K
}
Event: 814.334 GC heap before
{Heap before GC invocations=67 (full 6):
 garbage-first heap   total reserved 3080192K, committed 110592K, used 92711K [0x0000000744000000, 0x0000000800000000)
  region size 2048K, 18 young (36864K), 2 survivors (4096K)
 Metaspace       used 89921K, committed 90624K, reserved 1179648K
  class space    used 9938K, committed 10240K, reserved 1048576K
}
Event: 814.340 GC heap after
{Heap after GC invocations=68 (full 6):
 garbage-first heap   total reserved 3080192K, committed 133120K, used 61130K [0x0000000744000000, 0x0000000800000000)
  region size 2048K, 2 young (4096K), 2 survivors (4096K)
 Metaspace       used 89921K, committed 90624K, reserved 1179648K
  class space    used 9938K, committed 10240K, reserved 1048576K
}
Event: 815.856 GC heap before
{Heap before GC invocations=69 (full 6):
 garbage-first heap   total reserved 3080192K, committed 133120K, used 71370K [0x0000000744000000, 0x0000000800000000)
  region size 2048K, 8 young (16384K), 2 survivors (4096K)
 Metaspace       used 89965K, committed 90752K, reserved 1179648K
  class space    used 9939K, committed 10240K, reserved 1048576K
}
Event: 815.925 GC heap after
{Heap after GC invocations=70 (full 7):
 garbage-first heap   total reserved 3080192K, committed 133120K, used 55583K [0x0000000744000000, 0x0000000800000000)
  region size 2048K, 0 young (0K), 0 survivors (0K)
 Metaspace       used 89965K, committed 90752K, reserved 1179648K
  class space    used 9939K, committed 10240K, reserved 1048576K
}
Event: 817.245 GC heap before
{Heap before GC invocations=70 (full 7):
 garbage-first heap   total reserved 3080192K, committed 133120K, used 117023K [0x0000000744000000, 0x0000000800000000)
  region size 2048K, 30 young (61440K), 0 survivors (0K)
 Metaspace       used 90080K, committed 90880K, reserved 1179648K
  class space    used 9947K, committed 10304K, reserved 1048576K
}
Event: 817.250 GC heap after
{Heap after GC invocations=71 (full 7):
 garbage-first heap   total reserved 3080192K, committed 133120K, used 60514K [0x0000000744000000, 0x0000000800000000)
  region size 2048K, 3 young (6144K), 3 survivors (6144K)
 Metaspace       used 90080K, committed 90880K, reserved 1179648K
  class space    used 9947K, committed 10304K, reserved 1048576K
}

