# JRE version: Java(TM) SE Runtime Environment (24.0.2+12) (build 24.0.2+12-54)
# Java VM: Java HotSpot(TM) 64-Bit Server VM (24.0.2+12-54, mixed mode, sharing, tiered, compressed oops, compressed class ptrs, g1 gc, windows-amd64)
GC Precious Log:
 CardTable entry size: 512
 Card Set container configuration: InlinePtr #cards 4 size 8 Array Of Cards #cards 16 size 48 Howl #buckets 8 coarsen threshold 3686 Howl Bitmap #cards 512 size 80 coarsen threshold 460 Card regions per heap region 1 cards per card region 4096
 CPUs: 8 total, 8 available
 Memory: 12026M
 Large Page Support: Disabled
 NUMA Support: Disabled
 Compressed Oops: Enabled (Zero based)
 Heap Region Size: 2M
 Heap Min Capacity: 8M
 Heap Initial Capacity: 188M
 Heap Max Capacity: 3008M
 Pre-touch: Disabled
 Parallel Workers: 8
 Concurrent Workers: 2
 Concurrent Refinement Workers: 8
 Periodic GC: Disabled
Heap:
 garbage-first heap   total reserved 3080192K, committed 77824K, used 48554K [0x0000000744000000, 0x0000000800000000)
  region size 2048K, 6 young (12288K), 2 survivors (4096K)
 Metaspace       used 82995K, committed 83712K, reserved 1179648K
  class space    used 9416K, committed 9728K, reserved 1048576K
GC Heap History (20 events):
Event: 14.798 GC heap before
{Heap before GC invocations=7 (full 0):
 garbage-first heap   total reserved 3080192K, committed 77824K, used 58596K [0x0000000744000000, 0x0000000800000000)
  region size 2048K, 20 young (40960K), 3 survivors (6144K)
 Metaspace       used 47523K, committed 48064K, reserved 1114112K
  class space    used 4908K, committed 5120K, reserved 1048576K
}
Event: 14.806 GC heap after
{Heap after GC invocations=8 (full 0):
 garbage-first heap   total reserved 3080192K, committed 77824K, used 27247K [0x0000000744000000, 0x0000000800000000)
  region size 2048K, 3 young (6144K), 3 survivors (6144K)
 Metaspace       used 47523K, committed 48064K, reserved 1114112K
  class space    used 4908K, committed 5120K, reserved 1048576K
}
Event: 16.337 GC heap before
{Heap before GC invocations=8 (full 0):
 garbage-first heap   total reserved 3080192K, committed 77824K, used 60015K [0x0000000744000000, 0x0000000800000000)
  region size 2048K, 20 young (40960K), 3 survivors (6144K)
 Metaspace       used 58797K, committed 59328K, reserved 1114112K
  class space    used 6033K, committed 6272K, reserved 1048576K
}
Event: 16.342 GC heap after
{Heap after GC invocations=9 (full 0):
 garbage-first heap   total reserved 3080192K, committed 77824K, used 28834K [0x0000000744000000, 0x0000000800000000)
  region size 2048K, 2 young (4096K), 2 survivors (4096K)
 Metaspace       used 58797K, committed 59328K, reserved 1114112K
  class space    used 6033K, committed 6272K, reserved 1048576K
}
Event: 16.537 GC heap before
{Heap before GC invocations=9 (full 0):
 garbage-first heap   total reserved 3080192K, committed 77824K, used 32930K [0x0000000744000000, 0x0000000800000000)
  region size 2048K, 5 young (10240K), 2 survivors (4096K)
 Metaspace       used 60020K, committed 60480K, reserved 1114112K
  class space    used 6232K, committed 6400K, reserved 1048576K
}
Event: 16.539 GC heap after
{Heap after GC invocations=10 (full 0):
 garbage-first heap   total reserved 3080192K, committed 77824K, used 28669K [0x0000000744000000, 0x0000000800000000)
  region size 2048K, 1 young (2048K), 1 survivors (2048K)
 Metaspace       used 60020K, committed 60480K, reserved 1114112K
  class space    used 6232K, committed 6400K, reserved 1048576K
}
Event: 17.828 GC heap before
{Heap before GC invocations=11 (full 0):
 garbage-first heap   total reserved 3080192K, committed 77824K, used 63485K [0x0000000744000000, 0x0000000800000000)
  region size 2048K, 19 young (38912K), 1 survivors (2048K)
 Metaspace       used 67117K, committed 67648K, reserved 1114112K
  class space    used 7077K, committed 7296K, reserved 1048576K
}
Event: 17.832 GC heap after
{Heap after GC invocations=12 (full 0):
 garbage-first heap   total reserved 3080192K, committed 77824K, used 30620K [0x0000000744000000, 0x0000000800000000)
  region size 2048K, 2 young (4096K), 2 survivors (4096K)
 Metaspace       used 67117K, committed 67648K, reserved 1114112K
  class space    used 7077K, committed 7296K, reserved 1048576K
}
Event: 18.977 GC heap before
{Heap before GC invocations=12 (full 0):
 garbage-first heap   total reserved 3080192K, committed 77824K, used 67484K [0x0000000744000000, 0x0000000800000000)
  region size 2048K, 20 young (40960K), 2 survivors (4096K)
 Metaspace       used 71750K, committed 72256K, reserved 1114112K
  class space    used 7978K, committed 8192K, reserved 1048576K
}
Event: 18.983 GC heap after
{Heap after GC invocations=13 (full 0):
 garbage-first heap   total reserved 3080192K, committed 77824K, used 33733K [0x0000000744000000, 0x0000000800000000)
  region size 2048K, 3 young (6144K), 3 survivors (6144K)
 Metaspace       used 71750K, committed 72256K, reserved 1114112K
  class space    used 7978K, committed 8192K, reserved 1048576K
}
Event: 19.465 GC heap before
{Heap before GC invocations=13 (full 0):
 garbage-first heap   total reserved 3080192K, committed 77824K, used 62405K [0x0000000744000000, 0x0000000800000000)
  region size 2048K, 18 young (36864K), 3 survivors (6144K)
 Metaspace       used 73972K, committed 74560K, reserved 1179648K
  class space    used 8256K, committed 8512K, reserved 1048576K
}
Event: 19.470 GC heap after
{Heap after GC invocations=14 (full 0):
 garbage-first heap   total reserved 3080192K, committed 77824K, used 36021K [0x0000000744000000, 0x0000000800000000)
  region size 2048K, 2 young (4096K), 2 survivors (4096K)
 Metaspace       used 73972K, committed 74560K, reserved 1179648K
  class space    used 8256K, committed 8512K, reserved 1048576K
}
Event: 20.167 GC heap before
{Heap before GC invocations=14 (full 0):
 garbage-first heap   total reserved 3080192K, committed 77824K, used 64693K [0x0000000744000000, 0x0000000800000000)
  region size 2048K, 16 young (32768K), 2 survivors (4096K)
 Metaspace       used 75967K, committed 76608K, reserved 1179648K
  class space    used 8525K, committed 8832K, reserved 1048576K
}
Event: 20.171 GC heap after
{Heap after GC invocations=15 (full 0):
 garbage-first heap   total reserved 3080192K, committed 77824K, used 37071K [0x0000000744000000, 0x0000000800000000)
  region size 2048K, 2 young (4096K), 2 survivors (4096K)
 Metaspace       used 75967K, committed 76608K, reserved 1179648K
  class space    used 8525K, committed 8832K, reserved 1048576K
}
Event: 20.978 GC heap before
{Heap before GC invocations=16 (full 0):
 garbage-first heap   total reserved 3080192K, committed 77824K, used 65743K [0x0000000744000000, 0x0000000800000000)
  region size 2048K, 16 young (32768K), 2 survivors (4096K)
 Metaspace       used 77264K, committed 77952K, reserved 1179648K
  class space    used 8711K, committed 9024K, reserved 1048576K
}
Event: 20.983 GC heap after
{Heap after GC invocations=17 (full 0):
 garbage-first heap   total reserved 3080192K, committed 77824K, used 38977K [0x0000000744000000, 0x0000000800000000)
  region size 2048K, 2 young (4096K), 2 survivors (4096K)
 Metaspace       used 77264K, committed 77952K, reserved 1179648K
  class space    used 8711K, committed 9024K, reserved 1048576K
}
Event: 22.779 GC heap before
{Heap before GC invocations=17 (full 0):
 garbage-first heap   total reserved 3080192K, committed 77824K, used 65601K [0x0000000744000000, 0x0000000800000000)
  region size 2048K, 15 young (30720K), 2 survivors (4096K)
 Metaspace       used 78880K, committed 79488K, reserved 1179648K
  class space    used 8929K, committed 9216K, reserved 1048576K
}
Event: 22.787 GC heap after
{Heap after GC invocations=18 (full 0):
 garbage-first heap   total reserved 3080192K, committed 77824K, used 40487K [0x0000000744000000, 0x0000000800000000)
  region size 2048K, 2 young (4096K), 2 survivors (4096K)
 Metaspace       used 78880K, committed 79488K, reserved 1179648K
  class space    used 8929K, committed 9216K, reserved 1048576K
}
Event: 25.615 GC heap before
{Heap before GC invocations=18 (full 0):
 garbage-first heap   total reserved 3080192K, committed 77824K, used 67111K [0x0000000744000000, 0x0000000800000000)
  region size 2048K, 15 young (30720K), 2 survivors (4096K)
 Metaspace       used 81549K, committed 82176K, reserved 1179648K
  class space    used 9242K, committed 9536K, reserved 1048576K
}
Event: 25.624 GC heap after
{Heap after GC invocations=19 (full 0):
 garbage-first heap   total reserved 3080192K, committed 77824K, used 42410K [0x0000000744000000, 0x0000000800000000)
  region size 2048K, 2 young (4096K), 2 survivors (4096K)
 Metaspace       used 81549K, committed 82176K, reserved 1179648K
  class space    used 9242K, committed 9536K, reserved 1048576K
}

